This is XeTeX, Version 3.1415926-2.3-0.9997.5 (MiKTeX 2.9) (preloaded format=xelatex 2019.9.16)  16 OCT 2021 15:38
entering extended mode
**template.tex
(D:\GitHub\tokitsukaze-ACM-Template\c++\template.tex
LaTeX2e <2011/06/27>
Babel <v3.8m> and hyphenation patterns for loaded.
(D:\CTEX\MiKTeX\tex\latex\base\article.cls
Document Class: article 2007/10/19 v1.4h Standard LaTeX document class
(D:\CTEX\MiKTeX\tex\latex\base\size10.clo
File: size10.clo 2007/10/19 v1.4h Standard LaTeX file (size option)
)
\c@part=\count80
\c@section=\count81
\c@subsection=\count82
\c@subsubsection=\count83
\c@paragraph=\count84
\c@subparagraph=\count85
\c@figure=\count86
\c@table=\count87
\abovecaptionskip=\skip41
\belowcaptionskip=\skip42
\bibindent=\dimen102
)
(D:\CTEX\MiKTeX\tex\latex\ctex\ctex.sty
Package: ctex 2011/03/11 v1.02c ctex macros package

(D:\CTEX\MiKTeX\tex\latex\ctex\opt\ctex-common-opts.def)
(D:\CTEX\CTeX\tex\latex\ctex\cfg\ctexopts.cfg)
(D:\CTEX\MiKTeX\tex\latex\ctex\def\ctex-common.def
(D:\CTEX\MiKTeX\tex\latex\l3kernel\expl3.sty
(D:\CTEX\MiKTeX\tex\latex\l3kernel\l3names.sty
(D:\CTEX\MiKTeX\tex\latex\l3kernel\l3bootstrap.sty
Package: l3bootstrap 2011/12/29 v3110 L3 Experimental bootstrap code
)
Package: l3names 2011/12/30 v3113 L3 Experimental namespace for primitives
)
(D:\CTEX\MiKTeX\tex\latex\misc\etex.sty
Package: etex 1998/03/26 v2.0 eTeX basic definition package (PEB)
\et@xins=\count88
)
Package: expl3 2012/02/26 v3471 L3 Experimental code bundle wrapper

(D:\CTEX\MiKTeX\tex\latex\graphics\color.sty
Package: color 2005/11/14 v1.0j Standard LaTeX Color (DPC)

(D:\CTEX\MiKTeX\tex\latex\00miktex\color.cfg
File: color.cfg 2007/01/18 v1.5 color configuration of teTeX/TeXLive
)
Package color Info: Driver file: xetex.def on input line 130.

(D:\CTEX\MiKTeX\tex\xelatex\xetex-def\xetex.def
File: xetex.def 2009/11/22 v0.94 LaTeX color/graphics driver for XeTeX (RRM/JK)

))
(D:\CTEX\MiKTeX\tex\latex\graphics\graphics.sty
Package: graphics 2009/02/05 v1.0o Standard LaTeX Graphics (DPC,SPQR)

(D:\CTEX\MiKTeX\tex\latex\graphics\trig.sty
Package: trig 1999/03/16 v1.09 sin cos tan (DPC)
)
(D:\CTEX\MiKTeX\tex\latex\00miktex\graphics.cfg
File: graphics.cfg 2007/01/18 v1.5 graphics configuration of teTeX/TeXLive
)
Package graphics Info: Driver file: xetex.def on input line 91.
)
(D:\CTEX\MiKTeX\tex\latex\l3kernel\l3basics.sty
Package: l3basics 2012/02/26 v3460 L3 Experimental basic definitions
)
(D:\CTEX\MiKTeX\tex\latex\l3kernel\l3expan.sty
Package: l3expan 2012/02/26 v3460 L3 Experimental argument expansion
)
(D:\CTEX\MiKTeX\tex\latex\l3kernel\l3tl.sty
Package: l3tl 2012/02/26 v3460 L3 Experimental token lists
)
(D:\CTEX\MiKTeX\tex\latex\l3kernel\l3seq.sty
Package: l3seq 2012/01/09 v3158 L3 Experimental sequences and stacks
)
(D:\CTEX\MiKTeX\tex\latex\l3kernel\l3int.sty
Package: l3int 2012/02/26 v3460 L3 Experimental integers
\c_max_int=\count89
\l_tmpa_int=\count90
\l_tmpb_int=\count91
\l_tmpc_int=\count92
\g_tmpa_int=\count93
\g_tmpb_int=\count94
)
(D:\CTEX\MiKTeX\tex\latex\l3kernel\l3quark.sty
Package: l3quark 2012/02/12 v3384 L3 Experimental quarks
)
(D:\CTEX\MiKTeX\tex\latex\l3kernel\l3prg.sty
Package: l3prg 2012/02/26 v3464 L3 Experimental control structures
\g_prg_map_int=\count95
)
(D:\CTEX\MiKTeX\tex\latex\l3kernel\l3clist.sty
Package: l3clist 2012/02/26 v3460 L3 Experimental comma separated lists
)
(D:\CTEX\MiKTeX\tex\latex\l3kernel\l3token.sty
Package: l3token 2012/02/26 v3460 L3 Experimental token manipulation
)
(D:\CTEX\MiKTeX\tex\latex\l3kernel\l3prop.sty
Package: l3prop 2012/02/26 v3460 L3 Experimental property lists
)
(D:\CTEX\MiKTeX\tex\latex\l3kernel\l3msg.sty
Package: l3msg 2012/02/26 v3470 L3 Experimental messages
)
(D:\CTEX\MiKTeX\tex\latex\l3kernel\l3file.sty
Package: l3file 2012/02/26 v3464 L3 Experimental file and I/O operations
\l_iow_stream_int=\count96
\l_iow_line_length_int=\count97
\l_iow_target_length_int=\count98
\l_iow_current_line_int=\count99
\l_iow_current_word_int=\count100
\l_iow_current_indentation_int=\count101
)
(D:\CTEX\MiKTeX\tex\latex\l3kernel\l3skip.sty
Package: l3skip 2012/02/26 v3460 L3 Experimental dimensions and skips
\l_tmpa_dim=\dimen103
\l_tmpb_dim=\dimen104
\l_tmpc_dim=\dimen105
\g_tmpa_dim=\dimen106
\g_tmpb_dim=\dimen107
\l_tmpa_skip=\skip43
\l_tmpb_skip=\skip44
\l_tmpc_skip=\skip45
\g_tmpa_skip=\skip46
\g_tmpb_skip=\skip47
)
(D:\CTEX\MiKTeX\tex\latex\l3kernel\l3keys.sty
Package: l3keys 2011/12/22 v3086 L3 Experimental key-value interfaces
\g_keyval_level_int=\count102
\l_keys_choice_int=\count103
)
(D:\CTEX\MiKTeX\tex\latex\l3kernel\l3fp.sty
Package: l3fp 2012/02/06 v3315 L3 Experimental floating-point operations
\c_one_hundred_million=\count104
\c_five_hundred_million=\count105
\c_one_thousand_million=\count106
\c_fp_pi_by_four_decimal_int=\count107
\c_fp_pi_by_four_extended_int=\count108
\c_fp_pi_decimal_int=\count109
\c_fp_pi_extended_int=\count110
\c_fp_two_pi_decimal_int=\count111
\c_fp_two_pi_extended_int=\count112
\l_fp_count_int=\count113
\l_fp_div_offset_int=\count114
\l_fp_exp_integer_int=\count115
\l_fp_exp_decimal_int=\count116
\l_fp_exp_extended_int=\count117
\l_fp_exp_exponent_int=\count118
\l_fp_input_a_sign_int=\count119
\l_fp_input_a_integer_int=\count120
\l_fp_input_a_decimal_int=\count121
\l_fp_input_a_exponent_int=\count122
\l_fp_input_b_sign_int=\count123
\l_fp_input_b_integer_int=\count124
\l_fp_input_b_decimal_int=\count125
\l_fp_input_b_exponent_int=\count126
\l_fp_input_a_extended_int=\count127
\l_fp_input_b_extended_int=\count128
\l_fp_mul_a_i_int=\count129
\l_fp_mul_a_ii_int=\count130
\l_fp_mul_a_iii_int=\count131
\l_fp_mul_a_iv_int=\count132
\l_fp_mul_a_v_int=\count133
\l_fp_mul_a_vi_int=\count134
\l_fp_mul_b_i_int=\count135
\l_fp_mul_b_ii_int=\count136
\l_fp_mul_b_iii_int=\count137
\l_fp_mul_b_iv_int=\count138
\l_fp_mul_b_v_int=\count139
\l_fp_mul_b_vi_int=\count140
\l_fp_mul_output_int=\count141
\l_fp_output_sign_int=\count142
\l_fp_output_integer_int=\count143
\l_fp_output_decimal_int=\count144
\l_fp_output_exponent_int=\count145
\l_fp_output_extended_int=\count146
\l_fp_round_position_int=\count147
\l_fp_round_target_int=\count148
\l_fp_split_sign_int=\count149
\l_fp_internal_int=\count150
\l_fp_trig_octant_int=\count151
\l_fp_trig_sign_int=\count152
\l_fp_trig_decimal_int=\count153
\l_fp_trig_extended_int=\count154
\l_fp_internal_dim=\dimen108
\l_fp_internal_skip=\skip48
)
(D:\CTEX\MiKTeX\tex\latex\l3kernel\l3box.sty
Package: l3box 2012/02/18 v3432 L3 Experimental boxes
\l_tmpb_box=\box26
\l_box_top_dim=\dimen109
\l_box_bottom_dim=\dimen110
\l_box_left_dim=\dimen111
\l_box_right_dim=\dimen112
\l_box_top_new_dim=\dimen113
\l_box_bottom_new_dim=\dimen114
\l_box_left_new_dim=\dimen115
\l_box_right_new_dim=\dimen116
\l_box_internal_box=\box27
)
(D:\CTEX\MiKTeX\tex\latex\l3kernel\l3coffins.sty
Package: l3coffins 2012/02/26 v3460 L3 Experimental coffin code layer
\l_coffin_internal_box=\box28
\l_coffin_internal_dim=\dimen117
\l_coffin_offset_x_dim=\dimen118
\l_coffin_offset_y_dim=\dimen119
\l_coffin_x_dim=\dimen120
\l_coffin_y_dim=\dimen121
\l_coffin_x_prime_dim=\dimen122
\l_coffin_y_prime_dim=\dimen123
\l_coffin_Depth_dim=\dimen124
\l_coffin_Height_dim=\dimen125
\l_coffin_TotalHeight_dim=\dimen126
\l_coffin_Width_dim=\dimen127
\c_empty_coffin=\box29
\l_coffin_aligned_coffin=\box30
\l_coffin_aligned_internal_coffin=\box31
\l_coffin_bounding_shift_dim=\dimen128
\l_coffin_left_corner_dim=\dimen129
\l_coffin_right_corner_dim=\dimen130
\l_coffin_bottom_corner_dim=\dimen131
\l_coffin_top_corner_dim=\dimen132
\l_coffin_scaled_total_height_dim=\dimen133
\l_coffin_scaled_width_dim=\dimen134
\l_coffin_display_coffin=\box32
\l_coffin_display_coord_coffin=\box33
\l_coffin_display_pole_coffin=\box34
\l_coffin_display_offset_dim=\dimen135
\l_coffin_display_x_dim=\dimen136
\l_coffin_display_y_dim=\dimen137
)
(D:\CTEX\MiKTeX\tex\latex\l3kernel\l3color.sty
Package: l3color 2011/09/07 v2776 L3 Experimental colour support
)
(D:\CTEX\MiKTeX\tex\latex\l3kernel\l3luatex.sty
Package: l3luatex 2012/02/09 v3355 L3 Experimental LuaTeX-specific functions
\g_cctab_allocate_int=\count155
\g_cctab_stack_int=\count156
))
(D:\CTEX\MiKTeX\tex\latex\etoolbox\etoolbox.sty
Package: etoolbox 2011/01/03 v2.1 e-TeX tools for LaTeX
\etb@tempcnta=\count157
)
(D:\CTEX\MiKTeX\tex\generic\oberdiek\ifpdf.sty
Package: ifpdf 2011/01/30 v2.3 Provides the ifpdf switch (HO)
Package ifpdf Info: pdfTeX in PDF mode is not detected.
)
(D:\CTEX\MiKTeX\tex\generic\ifxetex\ifxetex.sty
Package: ifxetex 2010/09/12 v0.6 Provides ifxetex conditional
)
(D:\CTEX\MiKTeX\tex\latex\graphics\keyval.sty
Package: keyval 1999/03/16 v1.13 key=value parser (DPC)
\KV@toks@=\toks14
)
(D:\CTEX\MiKTeX\tex\latex\tools\indentfirst.sty
Package: indentfirst 1995/11/23 v1.03 Indent first paragraph (DPC)
)
(D:\CTEX\MiKTeX\tex\latex\base\fix-cm.sty
Package: fix-cm 2006/09/13 v1.1m fixes to LaTeX

(D:\CTEX\MiKTeX\tex\latex\base\ts1enc.def
File: ts1enc.def 2001/06/05 v3.0e (jk/car/fm) Standard LaTeX file
))
(D:\CTEX\MiKTeX\tex\latex\ctex\engine\ctex-xecjk-engine.def
(D:\CTEX\MiKTeX\tex\latex\savesym\savesym.sty

LaTeX Warning: You have requested package `savesym',
               but the package provides `savesymbol'.

Package: savesymbol 2003/06/01 v1.1 Saves and restores symbols
) (D:\CTEX\MiKTeX\tex\xelatex\xecjk\xeCJK.sty
Package: xeCJK 2012/01/31 2.4.5 package for typesetting CJK scripts with XeLaTe
X

(D:\CTEX\MiKTeX\tex\latex\xkeyval\xkeyval.sty
Package: xkeyval 2008/08/13 v2.6a package option processing (HA)

(D:\CTEX\MiKTeX\tex\generic\xkeyval\xkeyval.tex
\XKV@toks=\toks15
\XKV@tempa@toks=\toks16
\XKV@depth=\count158
File: xkeyval.tex 2008/08/13 v2.6a key=value parser (HA)
))
(D:\CTEX\MiKTeX\tex\latex\fontspec\fontspec.sty
Package: fontspec 2011/09/18 v2.2a Advanced font selection for XeLaTeX/LuaLaTeX


(D:\CTEX\MiKTeX\tex\latex\l3packages\xparse\xparse.sty
Package: xparse 2012/02/26 v3471 L3 Experimental document command parser
\l_xparse_current_arg_int=\count159
\l_xparse_m_args_int=\count160
\l_xparse_mandatory_args_int=\count161
\l_xparse_processor_int=\count162
\l_xparse_v_nesting_int=\count163
)
\l_fontspec_script_int=\count164
\l_fontspec_language_int=\count165
\l_fontspec_strnum_int=\count166
\l_fontspec_tmpa_dim=\dimen138
\l_fontspec_tmpb_dim=\dimen139
\l_fontspec_tmpc_dim=\dimen140
Variant \tl_gset:cV already defined; not changing it on line 66

(D:\CTEX\MiKTeX\tex\latex\fontspec\fontspec-patches.sty
Package: fontspec-patches 2011/09/18 v2.2a Advanced font selection for XeLaTeX/
LuaLaTeX

(D:\CTEX\MiKTeX\tex\latex\base\fixltx2e.sty
Package: fixltx2e 2006/09/13 v1.1m fixes to LaTeX
LaTeX Info: Redefining \em on input line 420.
)
LaTeX Info: Redefining \em on input line 22.
LaTeX Info: Redefining \emph on input line 29.
LaTeX Info: Redefining \- on input line 32.

*************************************************
* LaTeX warning: "xparse/redefine-command"
* 
* Redefining document command \oldstylenums with arg. spec. 'm' on line 107.
*************************************************
.................................................
. LaTeX info: "xparse/define-command"
. 
. Defining document command \liningnums with arg. spec. 'm' on line 111.
.................................................
) (D:\CTEX\MiKTeX\tex\latex\fontspec\fontspec-xetex.sty
Package: fontspec-xetex 2011/09/18 v2.2a Advanced font selection for XeLaTeX/Lu
aLaTeX

(D:\CTEX\MiKTeX\tex\latex\base\fontenc.sty
Package: fontenc 2005/09/27 v1.99g Standard LaTeX package

(D:\CTEX\MiKTeX\tex\latex\euenc\eu1enc.def
File: eu1enc.def 2010/05/27 v0.1h Experimental Unicode font encodings
)
LaTeX Font Info:    Try loading font information for EU1+lmr on input line 100.


(D:\CTEX\MiKTeX\tex\latex\euenc\eu1lmr.fd
File: eu1lmr.fd 2009/10/30 v1.6 Font defs for Latin Modern
))
(D:\CTEX\MiKTeX\tex\xelatex\xunicode\xunicode.sty
File: xunicode.sty 2011/09/09 v0.981 provides access to latin accents and many 
other characters in Unicode lower plane

(D:\CTEX\MiKTeX\tex\latex\tipa\t3enc.def
File: t3enc.def 2001/12/31 T3 encoding
LaTeX Font Info:    Try loading font information for EU1+lmss on input line 357
.

(D:\CTEX\MiKTeX\tex\latex\euenc\eu1lmss.fd
File: eu1lmss.fd 2009/10/30 v1.6 Font defs for Latin Modern
))
\tipaTiiicode=\count167
\tipasavetokens=\toks17
\tipachecktokens=\toks18

(D:\CTEX\MiKTeX\tex\latex\graphics\graphicx.sty
Package: graphicx 1999/02/16 v1.0f Enhanced LaTeX Graphics (DPC,SPQR)
\Gin@req@height=\dimen141
\Gin@req@width=\dimen142
))
.................................................
. LaTeX info: "xparse/define-command"
. 
. Defining document command \fontspec with arg. spec. 'O{}m' on line 39.
.................................................
.................................................
. LaTeX info: "xparse/define-command"
. 
. Defining document command \setmainfont with arg. spec. 'O{}m' on line 43.
.................................................
.................................................
. LaTeX info: "xparse/define-command"
. 
. Defining document command \setsansfont with arg. spec. 'O{}m' on line 47.
.................................................
.................................................
. LaTeX info: "xparse/define-command"
. 
. Defining document command \setmonofont with arg. spec. 'O{}m' on line 51.
.................................................
.................................................
. LaTeX info: "xparse/define-command"
. 
. Defining document command \setmathrm with arg. spec. 'O{}m' on line 59.
.................................................
.................................................
. LaTeX info: "xparse/define-command"
. 
. Defining document command \setboldmathrm with arg. spec. 'O{}m' on line 62.
.................................................
.................................................
. LaTeX info: "xparse/define-command"
. 
. Defining document command \setmathsf with arg. spec. 'O{}m' on line 65.
.................................................
.................................................
. LaTeX info: "xparse/define-command"
. 
. Defining document command \setmathtt with arg. spec. 'O{}m' on line 68.
.................................................
.................................................
. LaTeX info: "xparse/define-command"
. 
. Defining document command \newfontfamily with arg. spec. 'mO{}m' on line 84.
.................................................
.................................................
. LaTeX info: "xparse/define-command"
. 
. Defining document command \newfontface with arg. spec. 'mO{}m' on line 87.
.................................................
.................................................
. LaTeX info: "xparse/define-command"
. 
. Defining document command \defaultfontfeatures with arg. spec. 'm' on line
. 91.
.................................................
.................................................
. LaTeX info: "xparse/define-command"
. 
. Defining document command \addfontfeatures with arg. spec. 'm' on line 107.
.................................................
.................................................
. LaTeX info: "xparse/define-command"
. 
. Defining document command \newfontfeature with arg. spec. 'mm' on line 118.
.................................................
.................................................
. LaTeX info: "xparse/define-command"
. 
. Defining document command \newAATfeature with arg. spec. 'mmmm' on line 125.
.................................................
.................................................
. LaTeX info: "xparse/define-command"
. 
. Defining document command \newICUfeature with arg. spec. 'mmm' on line 132.
.................................................
.................................................
. LaTeX info: "xparse/define-command"
. 
. Defining document command \aliasfontfeature with arg. spec. 'mm' on line
. 159.
.................................................
.................................................
. LaTeX info: "xparse/define-command"
. 
. Defining document command \aliasfontfeatureoption with arg. spec. 'mmm' on
. line 164.
.................................................
.................................................
. LaTeX info: "xparse/define-command"
. 
. Defining document command \newfontscript with arg. spec. 'mm' on line 169.
.................................................
.................................................
. LaTeX info: "xparse/define-command"
. 
. Defining document command \newfontlanguage with arg. spec. 'mm' on line 192.
.................................................
.................................................
. LaTeX info: "xparse/define-command"
. 
. Defining document command \DeclareFontsExtensions with arg. spec. 'm' on
. line 211.
.................................................
Variant \prop_gput:cnV already defined; not changing it on line 485
Variant \prop_gput:cnx already defined; not changing it on line 486
Variant \keys_set:nx already defined; not changing it on line 963
\c@fontspec_tmp_int=\count168
LaTeX Info: Redefining \itshape on input line 1881.
LaTeX Info: Redefining \slshape on input line 1885.
LaTeX Info: Redefining \scshape on input line 1889.
LaTeX Info: Redefining \upshape on input line 1893.

(D:\CTEX\MiKTeX\tex\latex\fontspec\fontspec.cfg)))
\xeCJK@cnta=\count169
\xeCJK@cntb=\count170
\xeCJK@cntc=\count171
\xeCJK@cntd=\count172
\xeCJK@cnte=\count173
\xeCJK@dima=\dimen143
LaTeX Info: Redefining \normalfont on input line 886.
LaTeX Info: Redefining \rmfamily on input line 895.
LaTeX Info: Redefining \sffamily on input line 899.
LaTeX Info: Redefining \ttfamily on input line 903.
\xeCJK@featureadded=\count174
\g_xecjk_exspace_dim=\dimen144
)
(D:\CTEX\MiKTeX\tex\latex\ctex\engine\ctex-cjk-common.def
\ccwd=\dimen145
)
(D:\CTEX\MiKTeX\tex\latex\ctex\fontset\ctex-xecjk-winfonts.def))
\CTEX@q=\count175
\CTEX@r=\count176
))
(D:\CTEX\MiKTeX\tex\latex\ctex\def\ctex-utf8.def)
(D:\CTEX\MiKTeX\tex\latex\ctex\cfg\ctex.cfg)
(D:\CTEX\MiKTeX\tex\latex\setspace\setspace.sty
Package: setspace 2011/12/19 v6.7a set line spacing
)
(D:\CTEX\MiKTeX\tex\latex\ams\math\amsmath.sty
Package: amsmath 2000/07/18 v2.13 AMS math features
\@mathmargin=\skip49

For additional information on amsmath, use the `?' option.
(D:\CTEX\MiKTeX\tex\latex\ams\math\amstext.sty
Package: amstext 2000/06/29 v2.01

(D:\CTEX\MiKTeX\tex\latex\ams\math\amsgen.sty
File: amsgen.sty 1999/11/30 v2.0
\@emptytoks=\toks19
\ex@=\dimen146
))
(D:\CTEX\MiKTeX\tex\latex\ams\math\amsbsy.sty
Package: amsbsy 1999/11/29 v1.2d
\pmbraise@=\dimen147
)
(D:\CTEX\MiKTeX\tex\latex\ams\math\amsopn.sty
Package: amsopn 1999/12/14 v2.01 operator names
)
\inf@bad=\count177
LaTeX Info: Redefining \frac on input line 211.
\uproot@=\count178
\leftroot@=\count179
LaTeX Info: Redefining \overline on input line 307.
\classnum@=\count180
\DOTSCASE@=\count181
LaTeX Info: Redefining \ldots on input line 379.
LaTeX Info: Redefining \dots on input line 382.
LaTeX Info: Redefining \cdots on input line 467.
\Mathstrutbox@=\box35
\strutbox@=\box36
\big@size=\dimen148
LaTeX Font Info:    Redeclaring font encoding OML on input line 567.
LaTeX Font Info:    Redeclaring font encoding OMS on input line 568.
\macc@depth=\count182
\c@MaxMatrixCols=\count183
\dotsspace@=\muskip10
\c@parentequation=\count184
\dspbrk@lvl=\count185
\tag@help=\toks20
\row@=\count186
\column@=\count187
\maxfields@=\count188
\andhelp@=\toks21
\eqnshift@=\dimen149
\alignsep@=\dimen150
\tagshift@=\dimen151
\tagwidth@=\dimen152
\totwidth@=\dimen153
\lineht@=\dimen154
\@envbody=\toks22
\multlinegap=\skip50
\multlinetaggap=\skip51
\mathdisplay@stack=\toks23
LaTeX Info: Redefining \[ on input line 2666.
LaTeX Info: Redefining \] on input line 2667.
)
(D:\CTEX\MiKTeX\tex\latex\ams\classes\amsthm.sty
Package: amsthm 2004/08/06 v2.20
\thm@style=\toks24
\thm@bodyfont=\toks25
\thm@headfont=\toks26
\thm@notefont=\toks27
\thm@headpunct=\toks28
\thm@preskip=\skip52
\thm@postskip=\skip53
\thm@headsep=\skip54
\dth@everypar=\toks29
)
(D:\CTEX\MiKTeX\tex\latex\listings\listings.sty
\lst@mode=\count189
\lst@gtempboxa=\box37
\lst@token=\toks30
\lst@length=\count190
\lst@currlwidth=\dimen155
\lst@column=\count191
\lst@pos=\count192
\lst@lostspace=\dimen156
\lst@width=\dimen157
\lst@newlines=\count193
\lst@lineno=\count194
\lst@maxwidth=\dimen158

(D:\CTEX\MiKTeX\tex\latex\listings\lstmisc.sty
File: lstmisc.sty 2007/02/22 1.4 (Carsten Heinz)
\c@lstnumber=\count195
\lst@skipnumbers=\count196
\lst@framebox=\box38
)
(D:\CTEX\MiKTeX\tex\latex\listings\listings.cfg
File: listings.cfg 2007/02/22 1.4 listings configuration
))
Package: listings 2007/02/22 1.4 (Carsten Heinz)

(D:\CTEX\MiKTeX\tex\latex\xcolor\xcolor.sty
Package: xcolor 2007/01/21 v2.11 LaTeX color extensions (UK)

(D:\CTEX\MiKTeX\tex\latex\00miktex\color.cfg
File: color.cfg 2007/01/18 v1.5 color configuration of teTeX/TeXLive
)
Package xcolor Info: Driver file: xetex.def on input line 225.
LaTeX Info: Redefining \color on input line 702.
Package xcolor Info: Model `cmy' substituted by `cmy0' on input line 1337.
Package xcolor Info: Model `RGB' extended on input line 1353.
Package xcolor Info: Model `HTML' substituted by `rgb' on input line 1355.
Package xcolor Info: Model `Hsb' substituted by `hsb' on input line 1356.
Package xcolor Info: Model `tHsb' substituted by `hsb' on input line 1357.
Package xcolor Info: Model `HSB' substituted by `hsb' on input line 1358.
Package xcolor Info: Model `Gray' substituted by `gray' on input line 1359.
Package xcolor Info: Model `wave' substituted by `hsb' on input line 1360.
)
(D:\CTEX\MiKTeX\tex\latex\geometry\geometry.sty
Package: geometry 2010/09/12 v5.6 Page Geometry

(D:\CTEX\MiKTeX\tex\generic\oberdiek\ifvtex.sty
Package: ifvtex 2010/03/01 v1.5 Switches for detecting VTeX and its modes (HO)
Package ifvtex Info: VTeX not detected.
)
\Gm@cnth=\count197
\Gm@cntv=\count198
\c@Gm@tempcnt=\count199
\Gm@bindingoffset=\dimen159
\Gm@wd@mp=\dimen160
\Gm@odd@mp=\dimen161
\Gm@even@mp=\dimen162
\Gm@layoutwidth=\dimen163
\Gm@layoutheight=\dimen164
\Gm@layouthoffset=\dimen165
\Gm@layoutvoffset=\dimen166
\Gm@dimlist=\toks31

(D:\CTEX\MiKTeX\tex\xelatex\xetexconfig\geometry.cfg))
(D:\CTEX\MiKTeX\tex\latex\fancyhdr\fancyhdr.sty
\fancy@headwidth=\skip55
\f@ncyO@elh=\skip56
\f@ncyO@erh=\skip57
\f@ncyO@olh=\skip58
\f@ncyO@orh=\skip59
\f@ncyO@elf=\skip60
\f@ncyO@erf=\skip61
\f@ncyO@olf=\skip62
\f@ncyO@orf=\skip63
)
\g_fontspec_family_Consolas_int=\count200
.................................................
. fontspec info: "defining-font"
. 
. Font family 'Consolas(0)' created for font 'Consolas' with options
. [Ligatures=TeX,].
. 
. This font family consists of the following shapes:
. 
. * 'normal' with NFSS spec.:
. <->"Consolas/ICU:script=latn;language=DFLT;mapping=tex-text;"
. 
. * 'bold' with NFSS spec.:
. <->"Consolas/B/ICU:script=latn;language=DFLT;mapping=tex-text;"
. 
. * 'italic' with NFSS spec.:
. <->"Consolas/I/ICU:script=latn;language=DFLT;mapping=tex-text;"
. 
. * 'bold italic' with NFSS spec.:
. <->"Consolas/BI/ICU:script=latn;language=DFLT;mapping=tex-text;"
.................................................
.................................................
. fontspec info: "defining-font"
. 
. Font family 'Consolas(1)' created for font 'Consolas' with options
. [Ligatures=TeX,Mapping={}].
. 
. This font family consists of the following shapes:
. 
. * 'normal' with NFSS spec.:
. <->"Consolas/ICU:script=latn;language=DFLT;mapping=tex-text;mapping=;"
. 
. * 'bold' with NFSS spec.:
. <->"Consolas/B/ICU:script=latn;language=DFLT;mapping=tex-text;mapping=;"
. 
. * 'italic' with NFSS spec.:
. <->"Consolas/I/ICU:script=latn;language=DFLT;mapping=tex-text;mapping=;"
. 
. * 'bold italic' with NFSS spec.:
. <->"Consolas/BI/ICU:script=latn;language=DFLT;mapping=tex-text;mapping=;"
.................................................

(D:\CTEX\MiKTeX\tex\latex\listings\lstlang1.sty
File: lstlang1.sty 2004/09/05 1.3 listings language file
)
(D:\CTEX\MiKTeX\tex\latex\listings\lstlang1.sty
File: lstlang1.sty 2004/09/05 1.3 listings language file
)
(D:\CTEX\MiKTeX\tex\latex\listings\lstmisc.sty
File: lstmisc.sty 2007/02/22 1.4 (Carsten Heinz)
)
(D:\GitHub\tokitsukaze-ACM-Template\c++\template.aux)
LaTeX Font Info:    Checking defaults for OML/cmm/m/it on input line 55.
LaTeX Font Info:    ... okay on input line 55.
LaTeX Font Info:    Checking defaults for T1/cmr/m/n on input line 55.
LaTeX Font Info:    ... okay on input line 55.
LaTeX Font Info:    Checking defaults for OT1/cmr/m/n on input line 55.
LaTeX Font Info:    ... okay on input line 55.
LaTeX Font Info:    Checking defaults for OMS/cmsy/m/n on input line 55.
LaTeX Font Info:    ... okay on input line 55.
LaTeX Font Info:    Checking defaults for OMX/cmex/m/n on input line 55.
LaTeX Font Info:    ... okay on input line 55.
LaTeX Font Info:    Checking defaults for U/cmr/m/n on input line 55.
LaTeX Font Info:    ... okay on input line 55.
LaTeX Font Info:    Checking defaults for TS1/cmr/m/n on input line 55.
LaTeX Font Info:    ... okay on input line 55.
LaTeX Font Info:    Checking defaults for EU1/lmr/m/n on input line 55.
LaTeX Font Info:    ... okay on input line 55.
LaTeX Font Info:    Checking defaults for T3/cmr/m/n on input line 55.
LaTeX Font Info:    Try loading font information for T3+cmr on input line 55.

(D:\CTEX\MiKTeX\tex\latex\tipa\t3cmr.fd
File: t3cmr.fd 2001/12/31 TIPA font definitions
)
LaTeX Font Info:    ... okay on input line 55.
.................................................
. fontspec info: "setup-math"
. 
. Adjusting the maths setup (use [no-math] to avoid this).
.................................................
\symlegacymaths=\mathgroup4
LaTeX Font Info:    Overwriting symbol font `legacymaths' in version `bold'
(Font)                  OT1/cmr/m/n --> OT1/cmr/bx/n on input line 55.
LaTeX Font Info:    Redeclaring math accent \acute on input line 55.
LaTeX Font Info:    Redeclaring math accent \grave on input line 55.
LaTeX Font Info:    Redeclaring math accent \ddot on input line 55.
LaTeX Font Info:    Redeclaring math accent \tilde on input line 55.
LaTeX Font Info:    Redeclaring math accent \bar on input line 55.
LaTeX Font Info:    Redeclaring math accent \breve on input line 55.
LaTeX Font Info:    Redeclaring math accent \check on input line 55.
LaTeX Font Info:    Redeclaring math accent \hat on input line 55.
LaTeX Font Info:    Redeclaring math accent \dot on input line 55.
LaTeX Font Info:    Redeclaring math accent \mathring on input line 55.
LaTeX Font Info:    Redeclaring math symbol \Gamma on input line 55.
LaTeX Font Info:    Redeclaring math symbol \Delta on input line 55.
LaTeX Font Info:    Redeclaring math symbol \Theta on input line 55.
LaTeX Font Info:    Redeclaring math symbol \Lambda on input line 55.
LaTeX Font Info:    Redeclaring math symbol \Xi on input line 55.
LaTeX Font Info:    Redeclaring math symbol \Pi on input line 55.
LaTeX Font Info:    Redeclaring math symbol \Sigma on input line 55.
LaTeX Font Info:    Redeclaring math symbol \Upsilon on input line 55.
LaTeX Font Info:    Redeclaring math symbol \Phi on input line 55.
LaTeX Font Info:    Redeclaring math symbol \Psi on input line 55.
LaTeX Font Info:    Redeclaring math symbol \Omega on input line 55.
LaTeX Font Info:    Redeclaring math symbol \mathdollar on input line 55.
LaTeX Font Info:    Redeclaring symbol font `operators' on input line 55.
LaTeX Font Info:    Encoding `OT1' has changed to `EU1' for symbol font
(Font)              `operators' in the math version `normal' on input line 55.
LaTeX Font Info:    Overwriting symbol font `operators' in version `normal'
(Font)                  OT1/cmr/m/n --> EU1/lmr/m/n on input line 55.
LaTeX Font Info:    Encoding `OT1' has changed to `EU1' for symbol font
(Font)              `operators' in the math version `bold' on input line 55.
LaTeX Font Info:    Overwriting symbol font `operators' in version `bold'
(Font)                  OT1/cmr/bx/n --> EU1/lmr/m/n on input line 55.
LaTeX Font Info:    Overwriting symbol font `operators' in version `normal'
(Font)                  EU1/lmr/m/n --> EU1/lmr/m/n on input line 55.
LaTeX Font Info:    Overwriting math alphabet `\mathrm' in version `normal'
(Font)                  EU1/lmr/m/n --> EU1/lmr/m/n on input line 55.
LaTeX Font Info:    Overwriting math alphabet `\mathit' in version `normal'
(Font)                  OT1/cmr/m/it --> EU1/lmr/m/it on input line 55.
LaTeX Font Info:    Overwriting math alphabet `\mathbf' in version `normal'
(Font)                  OT1/cmr/bx/n --> EU1/lmr/bx/n on input line 55.
LaTeX Font Info:    Overwriting math alphabet `\mathsf' in version `normal'
(Font)                  OT1/cmss/m/n --> EU1/Consolas(0)/m/n on input line 55.
LaTeX Font Info:    Overwriting math alphabet `\mathtt' in version `normal'
(Font)                  OT1/cmtt/m/n --> EU1/Consolas(1)/m/n on input line 55.
LaTeX Font Info:    Overwriting symbol font `operators' in version `bold'
(Font)                  EU1/lmr/m/n --> EU1/lmr/bx/n on input line 55.
LaTeX Font Info:    Overwriting math alphabet `\mathrm' in version `bold'
(Font)                  EU1/lmr/m/n --> EU1/lmr/bx/n on input line 55.
LaTeX Font Info:    Overwriting math alphabet `\mathit' in version `bold'
(Font)                  OT1/cmr/bx/it --> EU1/lmr/bx/it on input line 55.
LaTeX Font Info:    Overwriting math alphabet `\mathsf' in version `bold'
(Font)                  OT1/cmss/bx/n --> EU1/Consolas(0)/bx/n on input line 55
.
LaTeX Font Info:    Overwriting math alphabet `\mathtt' in version `bold'
(Font)                  OT1/cmtt/m/n --> EU1/Consolas(1)/bx/n on input line 55.

\c@lstlisting=\count201

*geometry* detected driver: pdftex
*geometry* verbose mode - [ preamble ] result:
* driver: pdftex
* paper: a4paper
* layout: <same size as paper>
* layoutoffset:(h,v)=(0.0pt,0.0pt)
* modes: 
* h-part:(L,W,R)=(28.45274pt, 540.60239pt, 28.45274pt)
* v-part:(T,H,B)=(56.9055pt, 773.91498pt, 14.22636pt)
* \paperwidth=597.50787pt
* \paperheight=845.04684pt
* \textwidth=540.60239pt
* \textheight=773.91498pt
* \oddsidemargin=-43.81725pt
* \evensidemargin=-43.81725pt
* \topmargin=-52.36449pt
* \headheight=12.0pt
* \headsep=25.0pt
* \topskip=10.0pt
* \footskip=30.0pt
* \marginparwidth=4.0pt
* \marginparsep=10.0pt
* \columnsep=30.0pt
* \skip\footins=9.0pt plus 4.0pt minus 2.0pt
* \hoffset=0.0pt
* \voffset=0.0pt
* \mag=1000
* \@twocolumntrue
* \@twosidefalse
* \@mparswitchfalse
* \@reversemarginfalse
* (1in=72.27pt=25.4mm, 1cm=28.453pt)

Normal \count register pool exhausted, switching to extended pool.
\g_fontspec_family_SimSun_int=\count277
.................................................
. fontspec info: "no-font-shape"
. 
. Could not resolve font SimHei/I (it probably doesn't exist).
.................................................
.................................................
. fontspec info: "defining-font"
. 
. Font family 'SimSun(0)' created for font 'SimSun' with options
. [Ligatures=TeX,BoldFont={SimHei},ItalicFont={[SIMKAI.TTF]}].
. 
. This font family consists of the following shapes:
. 
. * 'normal' with NFSS spec.:
. <->"SimSun/ICU:script=latn;language=DFLT;mapping=tex-text;"
. 
. * 'bold' with NFSS spec.:
. <->"SimHei/ICU:script=latn;language=DFLT;mapping=tex-text;"
. 
. * 'italic' with NFSS spec.:
. <->"[SIMKAI.TTF]/ICU:script=latn;language=DFLT;mapping=tex-text;"
.................................................
File: 1.png Graphic file (type QTm)
<use  "1.png" > [1


]
.................................................
. fontspec info: "defining-font"
. 
. Font family 'SimSun(0)' created for font 'SimSun' with options
. [Ligatures=TeX,BoldFont={SimHei},ItalicFont={[SIMKAI.TTF]}].
. 
. This font family consists of the following shapes:
.................................................
 (D:\GitHub\tokitsukaze-ACM-Template\c++\template.toc
.................................................
. fontspec info: "defining-font"
. 
. Font family 'SimSun(0)' created for font 'SimSun' with options
. [Ligatures=TeX,BoldFont={SimHei},ItalicFont={[SIMKAI.TTF]}].
. 
. This font family consists of the following shapes:
.................................................
.................................................
. fontspec info: "defining-font"
. 
. Font family 'SimSun(0)' created for font 'SimSun' with options
. [Ligatures=TeX,BoldFont={SimHei},ItalicFont={[SIMKAI.TTF]}].
. 
. This font family consists of the following shapes:
.................................................

[1

])
\tf@toc=\write3
 [2]
Font mapping `.tec' for font `Consolas' not found.
 (D:\GitHub\tokitsukaze-ACM-Template\c++\å­—ç¬¦ä¸²/KMP/KMP.cpp)
(D:\GitHub\tokitsukaze-ACM-Template\c++\å­—ç¬¦ä¸²/KMP/exKMP.cpp)
(D:\GitHub\tokitsukaze-ACM-Template\c++\å­—ç¬¦ä¸²/Hash/hash.cpp

Package xeCJK Warning: Unknown CJK family `hei' is ignored.
Use \setCJKfamilyfont to define a CJK family. on input line 12.

[1

]) (D:\GitHub\tokitsukaze-ACM-Template\c++\å­—ç¬¦ä¸²/Hash/hash_map.cpp)
(D:\GitHub\tokitsukaze-ACM-Template\c++\å­—ç¬¦ä¸²/Hash/BKDRHash.cpp)
(D:\GitHub\tokitsukaze-ACM-Template\c++\å­—ç¬¦ä¸²/Manacher/Manacher-æ’å­—ç¬¦.c
pp [2]) (D:\GitHub\tokitsukaze-ACM-Template\c++\å­—ç¬¦ä¸²/Manacher/Manacher-ä¸
æ’å­—ç¬¦.cpp)
.................................................
. fontspec info: "defining-font"
. 
. Font family 'SimSun(0)' created for font 'SimSun' with options
. [Ligatures=TeX,BoldFont={SimHei},ItalicFont={[SIMKAI.TTF]}].
. 
. This font family consists of the following shapes:
.................................................
 (D:\GitHub\tokitsukaze-ACM-Template\c++\å­—ç¬¦ä¸²/åç¼€æ•°ç»„/å€å¢sa.cpp [3
]) (D:\GitHub\tokitsukaze-ACM-Template\c++\å­—ç¬¦ä¸²/åç¼€æ•°ç»„/sais.cpp)
Underfull \vbox (badness 10000) has occurred while \output is active []

 [4]
(D:\GitHub\tokitsukaze-ACM-Template\c++\å­—ç¬¦ä¸²/è‡ªåŠ¨æœº/ACè‡ªåŠ¨æœº.cpp)
(D:\GitHub\tokitsukaze-ACM-Template\c++\å­—ç¬¦ä¸²/è‡ªåŠ¨æœº/å¤§å­—ç¬¦é›†ACè‡ªåŠ
¨æœº.cpp [5]
Underfull \vbox (badness 10000) has occurred while \output is active []

)
(D:\GitHub\tokitsukaze-ACM-Template\c++\å­—ç¬¦ä¸²/è‡ªåŠ¨æœº/åç¼€è‡ªåŠ¨æœº.cpp
[6]
Underfull \vbox (badness 10000) has occurred while \output is active []

)
(D:\GitHub\tokitsukaze-ACM-Template\c++\å­—ç¬¦ä¸²/è‡ªåŠ¨æœº/å›æ–‡è‡ªåŠ¨æœº.cpp
[7]) (D:\GitHub\tokitsukaze-ACM-Template\c++\å­—ç¬¦ä¸²/è‡ªåŠ¨æœº/åºåˆ—è‡ªåŠ¨æœ
º.cpp) (D:\GitHub\tokitsukaze-ACM-Template\c++\å­—ç¬¦ä¸²/æœ€å°è¡¨ç¤ºæ³•/æœ€å°
è¡¨ç¤ºæ³•.cpp) (D:\GitHub\tokitsukaze-ACM-Template\c++\å­—ç¬¦ä¸²/æœ€å°è¡¨ç¤ºæ³
•/æœ€å¤§è¡¨ç¤ºæ³•.cpp)
(D:\GitHub\tokitsukaze-ACM-Template\c++\å­—ç¬¦ä¸²/shift_and.cpp [8])
(D:\GitHub\tokitsukaze-ACM-Template\c++\æ•°æ®ç»“æ„/RMQ/ä¸€ç»´RMQ.cpp)
(D:\GitHub\tokitsukaze-ACM-Template\c++\æ•°æ®ç»“æ„/RMQ/äºŒç»´RMQ.cpp [9])
(D:\GitHub\tokitsukaze-ACM-Template\c++\æ•°æ®ç»“æ„/å•è°ƒé˜Ÿåˆ—.cpp)
(D:\GitHub\tokitsukaze-ACM-Template\c++\æ•°æ®ç»“æ„/LCA/å€å¢LCA.cpp [10])
(D:\GitHub\tokitsukaze-ACM-Template\c++\æ•°æ®ç»“æ„/LCA/RMQç»´æŠ¤æ¬§æ‹‰åºæ±‚L
CA.cpp
Underfull \vbox (badness 10000) has occurred while \output is active []

 [11])
(D:\GitHub\tokitsukaze-ACM-Template\c++\æ•°æ®ç»“æ„/è½»é‡é“¾å‰–åˆ†.tex)
(D:\GitHub\tokitsukaze-ACM-Template\c++\æ•°æ®ç»“æ„/è½»é‡é“¾å‰–åˆ†.cpp
Underfull \vbox (badness 10000) has occurred while \output is active []

 [12]
Underfull \vbox (badness 10000) has occurred while \output is active []

)
(D:\GitHub\tokitsukaze-ACM-Template\c++\æ•°æ®ç»“æ„/å¹¶æŸ¥é›†/å¹¶æŸ¥é›†.cpp
[13]) (D:\GitHub\tokitsukaze-ACM-Template\c++\æ•°æ®ç»“æ„/å¹¶æŸ¥é›†/mapå®ç°å
¹¶æŸ¥é›†.cpp) (D:\GitHub\tokitsukaze-ACM-Template\c++\æ•°æ®ç»“æ„/å¹¶æŸ¥é›†/å
¯æ’¤é”€å¹¶æŸ¥é›†.cpp)
(D:\GitHub\tokitsukaze-ACM-Template\c++\æ•°æ®ç»“æ„/æ ‘çŠ¶æ•°ç»„/ä¸€ç»´å•ç‚¹B
IT.cpp [14]) (D:\GitHub\tokitsukaze-ACM-Template\c++\æ•°æ®ç»“æ„/æ ‘çŠ¶æ•°ç»„/
ä¸€ç»´åŒºé—´BIT.cpp
Invalid UTF-8 byte or sequence at line 15 replaced by U+FFFD.
Invalid UTF-8 byte or sequence at line 15 replaced by U+FFFD.
Invalid UTF-8 byte or sequence at line 15 replaced by U+FFFD.
Invalid UTF-8 byte or sequence at line 15 replaced by U+FFFD.
Invalid UTF-8 byte or sequence at line 15 replaced by U+FFFD.
Missing character: There is no ï¿½ in font Consolas/ICU:script=latn;language=DF
LT;mapping=tex-text;mapping=;!
Missing character: There is no â²¿ in font Consolas/ICU:script=latn;language=DF
LT;mapping=tex-text;mapping=;!
Missing character: There is no ï¿½ in font Consolas/ICU:script=latn;language=DF
LT;mapping=tex-text;mapping=;!
Missing character: There is no Üµ in font Consolas/ICU:script=latn;language=DFL
T;mapping=tex-text;mapping=;!
Missing character: There is no ï¿½ in font Consolas/ICU:script=latn;language=DF
LT;mapping=tex-text;mapping=;!
Missing character: There is no ï¿½ in font Consolas/ICU:script=latn;language=DF
LT;mapping=tex-text;mapping=;!
Missing character: There is no ï¿½ in font Consolas/ICU:script=latn;language=DF
LT;mapping=tex-text;mapping=;!
)
(D:\GitHub\tokitsukaze-ACM-Template\c++\æ•°æ®ç»“æ„/æ ‘çŠ¶æ•°ç»„/äºŒç»´å•ç‚¹B
IT.cpp [15]) (D:\GitHub\tokitsukaze-ACM-Template\c++\æ•°æ®ç»“æ„/çº¿æ®µæ ‘/çº¿
æ®µæ ‘.cpp) (D:\GitHub\tokitsukaze-ACM-Template\c++\æ•°æ®ç»“æ„/çº¿æ®µæ ‘/åŠ¨æ
€å¼€ç‚¹çº¿æ®µæ ‘.cpp
.................................................
. fontspec info: "no-scripts"
. 
. Font [SIMFANG.TTF] does not contain any OpenType `Script' information.
.................................................
\g_fontspec_family_[SIMFANG.TTF]_int=\count278
.................................................
. fontspec info: "defining-font"
. 
. Font family '[SIMFANG.TTF](0)' created for font '[SIMFANG.TTF]' with options
. [Ligatures=TeX,BoldFont={[SIMFANG.TTF]},BoldFeatures={RawFeature={embolden=4}
}].
. 
. This font family consists of the following shapes:
. 
. * 'normal' with NFSS spec.:
. <->"[SIMFANG.TTF]/ICU:mapping=tex-text;"
. 
. * 'bold' with NFSS spec.:
. <->"[SIMFANG.TTF]/ICU:mapping=tex-text;embolden=4;"
. 
. * 'italic' with NFSS spec.:
. <->"[SIMFANG.TTF]/I/ICU:mapping=tex-text;"
. 
. * 'bold italic' with NFSS spec.:
. <->"[SIMFANG.TTF]/I/ICU:mapping=tex-text;"
.................................................
 [16])
Underfull \vbox (badness 10000) has occurred while \output is active []


(D:\GitHub\tokitsukaze-ACM-Template\c++\æ•°æ®ç»“æ„/çº¿æ®µæ ‘/çº¿æ®µæ ‘å¥—çº¿æ
®µæ ‘.cpp [17]
Overfull \hbox (13.46608pt too wide) in paragraph at lines 69--70
[][][][] 
 []


Underfull \vbox (badness 10000) has occurred while \output is active []

)
(D:\GitHub\tokitsukaze-ACM-Template\c++\æ•°æ®ç»“æ„/çº¿æ®µæ ‘/çº¿æ®µæ ‘åˆ†è£‚å
ˆå¹¶.cpp [18]
Underfull \vbox (badness 10000) has occurred while \output is active []

)
(D:\GitHub\tokitsukaze-ACM-Template\c++\æ•°æ®ç»“æ„/ä¸»å¸­æ ‘.cpp [19])
(D:\GitHub\tokitsukaze-ACM-Template\c++\æ•°æ®ç»“æ„/æè¶…æ ‘.cpp
Underfull \vbox (badness 10000) has occurred while \output is active []

 [20])
(D:\GitHub\tokitsukaze-ACM-Template\c++\æ•°æ®ç»“æ„/å¹³è¡¡æ ‘/Treap.cpp
Underfull \vbox (badness 10000) has occurred while \output is active []

 [21]
Underfull \vbox (badness 10000) has occurred while \output is active []

)
(D:\GitHub\tokitsukaze-ACM-Template\c++\æ•°æ®ç»“æ„/å­—å…¸æ ‘/trie.cpp
Invalid UTF-8 byte or sequence at line 38 replaced by U+FFFD.
Invalid UTF-8 byte or sequence at line 38 replaced by U+FFFD.
Invalid UTF-8 byte or sequence at line 38 replaced by U+FFFD.
Invalid UTF-8 byte or sequence at line 38 replaced by U+FFFD.
Missing character: There is no ï¿½ in font Consolas/ICU:script=latn;language=DF
LT;mapping=tex-text;mapping=;!
Missing character: There is no ×º in font Consolas/ICU:script=latn;language=DFL
T;mapping=tex-text;mapping=;!
Missing character: There is no ï¿½ in font Consolas/ICU:script=latn;language=DF
LT;mapping=tex-text;mapping=;!
Missing character: There is no ï¿½ in font Consolas/ICU:script=latn;language=DF
LT;mapping=tex-text;mapping=;!
Missing character: There is no Ö· in font Consolas/ICU:script=latn;language=DFL
T;mapping=tex-text;mapping=;!
Missing character: There is no ï¿½ in font Consolas/ICU:script=latn;language=DF
LT;mapping=tex-text;mapping=;!

[22]) (D:\GitHub\tokitsukaze-ACM-Template\c++\æ•°æ®ç»“æ„/å­—å…¸æ ‘/01trie.cpp
) (D:\GitHub\tokitsukaze-ACM-Template\c++\æ•°æ®ç»“æ„/kd-tree.cpp [23]
Underfull \vbox (badness 10000) has occurred while \output is active []


Underfull \vbox (badness 10000) has occurred while \output is active []

 [24]
Underfull \vbox (badness 10000) has occurred while \output is active []


Underfull \vbox (badness 10000) has occurred while \output is active []

 [25])
(D:\GitHub\tokitsukaze-ACM-Template\c++\æ•°æ®ç»“æ„/è™šæ ‘.cpp)
(D:\GitHub\tokitsukaze-ACM-Template\c++\æ•°æ®ç»“æ„/pbdså¯å¹¶å †.cpp)
(D:\GitHub\tokitsukaze-ACM-Template\c++\æ•°æ®ç»“æ„/kå‰å“ˆå¤«æ›¼æ ‘.tex)
(D:\GitHub\tokitsukaze-ACM-Template\c++\æ•°æ®ç»“æ„/kå‰å“ˆå¤«æ›¼æ ‘.cpp)
(D:\GitHub\tokitsukaze-ACM-Template\c++\æ•°æ®ç»“æ„/ç¬›å¡å°”æ ‘.tex)
Underfull \vbox (badness 10000) has occurred while \output is active []

 [26]
(D:\GitHub\tokitsukaze-ACM-Template\c++\æ•°æ®ç»“æ„/ç¬›å¡å°”æ ‘.cpp)
(D:\GitHub\tokitsukaze-ACM-Template\c++\æ•°æ®ç»“æ„/æåˆæ ‘.tex
File: div-com1.png Graphic file (type QTm)

<use  "div-com1.png" >)
Overfull \hbox (33.7788pt too wide) in paragraph at lines 1--186
[]
 []


Underfull \hbox (badness 10000) in paragraph at lines 1--186

 []

(D:\GitHub\tokitsukaze-ACM-Template\c++\æ•°æ®ç»“æ„/æåˆæ ‘.cpp
Underfull \vbox (badness 10000) has occurred while \output is active []

 [27]
Underfull \vbox (badness 10000) has occurred while \output is active []


Underfull \vbox (badness 10000) has occurred while \output is active []

 [28])
(D:\GitHub\tokitsukaze-ACM-Template\c++\å›¾è®º/é“¾å¼å‰å‘æ˜Ÿ.cpp)
(D:\GitHub\tokitsukaze-ACM-Template\c++\å›¾è®º/æœ€çŸ­è·¯/dijkstra.cpp)
(D:\GitHub\tokitsukaze-ACM-Template\c++\å›¾è®º/æœ€çŸ­è·¯/spfa.cpp [29])
(D:\GitHub\tokitsukaze-ACM-Template\c++\å›¾è®º/æœ€çŸ­è·¯/floydæ±‚æœ€å°ç¯.cpp)
(D:\GitHub\tokitsukaze-ACM-Template\c++\å›¾è®º/æœ€å°ç”Ÿæˆæ ‘/kruskal.cpp
[30]) (D:\GitHub\tokitsukaze-ACM-Template\c++\å›¾è®º/æœ€å°ç”Ÿæˆæ ‘/prim.cpp)
(D:\GitHub\tokitsukaze-ACM-Template\c++\å›¾è®º/äºŒåˆ†å›¾åŒ¹é…/åŒˆç‰™åˆ©ç®—æ³•.
cpp [31]) (D:\GitHub\tokitsukaze-ACM-Template\c++\å›¾è®º/äºŒåˆ†å›¾åŒ¹é…/äºŒåˆ†
å›¾å¸¦æƒåŒ¹é….cpp
Underfull \vbox (badness 10000) has occurred while \output is active []

 [32])
(D:\GitHub\tokitsukaze-ACM-Template\c++\å›¾è®º/æœ€å¤§æµ/dinic.cpp
Underfull \vbox (badness 10000) has occurred while \output is active []

 [33])
(D:\GitHub\tokitsukaze-ACM-Template\c++\å›¾è®º/æœ€å¤§æµ/ISAP.cpp
Underfull \vbox (badness 10000) has occurred while \output is active []

 [34])
(D:\GitHub\tokitsukaze-ACM-Template\c++\å›¾è®º/æœ€å¤§æµ/high-level-preflow-pus
h.cpp
Underfull \vbox (badness 10000) has occurred while \output is active []

 [35]
Underfull \vbox (badness 10000) has occurred while \output is active []

)
(D:\GitHub\tokitsukaze-ACM-Template\c++\å›¾è®º/æœ€å°è´¹ç”¨æœ€å¤§æµ/spfaè´¹ç”¨
æµ.cpp [36]
Underfull \vbox (badness 10000) has occurred while \output is active []

)
(D:\GitHub\tokitsukaze-ACM-Template\c++\å›¾è®º/æœ€å°è´¹ç”¨æœ€å¤§æµ/dijkstraè´
¹ç”¨æµ.cpp [37]
Underfull \vbox (badness 10000) has occurred while \output is active []

)
(D:\GitHub\tokitsukaze-ACM-Template\c++\å›¾è®º/å¼ºè¿é€šåˆ†é‡.cpp [38])
(D:\GitHub\tokitsukaze-ACM-Template\c++\å›¾è®º/åŒè”é€šåˆ†é‡/è¾¹åŒè¿é€š.cpp
)
Underfull \vbox (badness 10000) has occurred while \output is active []

 [39]
(D:\GitHub\tokitsukaze-ACM-Template\c++\å›¾è®º/å›¢/æœ€å¤§å›¢.cpp)
(D:\GitHub\tokitsukaze-ACM-Template\c++\å›¾è®º/å›¢/æå¤§å›¢è®¡æ•°.cpp [40])
(D:\GitHub\tokitsukaze-ACM-Template\c++\å›¾è®º/æ‹“æ‰‘æ’åº.cpp)
(D:\GitHub\tokitsukaze-ACM-Template\c++\å›¾è®º/2-sat/2-satè¾“å‡ºä»»æ„è§£.cpp
[41]
Underfull \vbox (badness 10000) has occurred while \output is active []

)
(D:\GitHub\tokitsukaze-ACM-Template\c++\å›¾è®º/2-sat/2-satå­—å…¸åºæœ€å°è§£.cp
p [42]) (D:\GitHub\tokitsukaze-ACM-Template\c++\å›¾è®º/æ”¯é…æ ‘.cpp
Underfull \vbox (badness 10000) has occurred while \output is active []

 [43])
(D:\GitHub\tokitsukaze-ACM-Template\c++\æ•°è®º/ç´ æ•°ç­›/åŸƒç­›.cpp)
(D:\GitHub\tokitsukaze-ACM-Template\c++\æ•°è®º/ç´ æ•°ç­›/çº¿æ€§ç­›.cpp)
(D:\GitHub\tokitsukaze-ACM-Template\c++\æ•°è®º/ç´ æ•°ç­›/åŒºé—´ç­›.cpp)
(D:\GitHub\tokitsukaze-ACM-Template\c++\æ•°è®º/æ‰©å±•æ¬§å‡ é‡Œå¾—/exgcd.cpp
[44]) (D:\GitHub\tokitsukaze-ACM-Template\c++\æ•°è®º/æ‰©å±•æ¬§å‡ é‡Œå¾—/ax+by=c
.cpp) (D:\GitHub\tokitsukaze-ACM-Template\c++\æ•°è®º/æ‰©å±•æ¬§å‡ é‡Œå¾—/exgcdæ±
‚é€†å…ƒ.cpp) (D:\GitHub\tokitsukaze-ACM-Template\c++\æ•°è®º/ä¸­å›½å‰©ä½™å®šç†/
CRT.cpp) (D:\GitHub\tokitsukaze-ACM-Template\c++\æ•°è®º/ä¸­å›½å‰©ä½™å®šç†/exCR
T.cpp [45]) (D:\GitHub\tokitsukaze-ACM-Template\c++\æ•°è®º/ç»„åˆæ•°/æ‰“è¡¨.cpp
) (D:\GitHub\tokitsukaze-ACM-Template\c++\æ•°è®º/ç»„åˆæ•°/é¢„å¤„ç†.cpp)
(D:\GitHub\tokitsukaze-ACM-Template\c++\æ•°è®º/ç»„åˆæ•°/Lucaså®šç†.cpp)
(D:\GitHub\tokitsukaze-ACM-Template\c++\æ•°è®º/ç»„åˆæ•°/exLucas.cpp [46])
(D:\GitHub\tokitsukaze-ACM-Template\c++\æ•°è®º/æ¬§æ‹‰å‡½æ•°.tex)
Underfull \vbox (badness 10000) has occurred while \output is active []


(D:\GitHub\tokitsukaze-ACM-Template\c++\æ•°è®º/æ¬§æ‹‰å‡½æ•°/ç›´æ¥æ±‚.cpp)
(D:\GitHub\tokitsukaze-ACM-Template\c++\æ•°è®º/æ¬§æ‹‰å‡½æ•°/çº¿æ€§ç­›.cpp)
[47] (D:\GitHub\tokitsukaze-ACM-Template\c++\æ•°è®º/è«æ¯”ä¹Œæ–¯å‡½æ•°.cpp)
(D:\GitHub\tokitsukaze-ACM-Template\c++\æ•°è®º/Berlekamp-Massey.cpp
Invalid UTF-8 byte or sequence at line 50 replaced by U+FFFD.
Invalid UTF-8 byte or sequence at line 50 replaced by U+FFFD.
Missing character: There is no ï¿½ in font Consolas/ICU:script=latn;language=DF
LT;mapping=tex-text;mapping=;!
Missing character: There is no ï¿½ in font Consolas/ICU:script=latn;language=DF
LT;mapping=tex-text;mapping=;!
Missing character: There is no Ôª in font Consolas/ICU:script=latn;language=DFL
T;mapping=tex-text;mapping=;!
Invalid UTF-8 byte or sequence at line 55 replaced by U+FFFD.
Invalid UTF-8 byte or sequence at line 55 replaced by U+FFFD.
Missing character: There is no ï¿½ in font Consolas/ICU:script=latn;language=DF
LT;mapping=tex-text;mapping=;!
Missing character: There is no ï¿½ in font Consolas/ICU:script=latn;language=DF
LT;mapping=tex-text;mapping=;!
Missing character: There is no Ôª in font Consolas/ICU:script=latn;language=DFL
T;mapping=tex-text;mapping=;!

Underfull \vbox (badness 10000) has occurred while \output is active []

 [48])
(D:\GitHub\tokitsukaze-ACM-Template\c++\æ•°è®º/exBSGS.cpp
Invalid UTF-8 byte or sequence at line 1 replaced by U+FFFD.
Missing character: There is no ï¿½ in font Consolas/ICU:script=latn;language=DF
LT;mapping=tex-text;mapping=;!
)
(D:\GitHub\tokitsukaze-ACM-Template\c++\æ•°è®º/Miller_Rabin+Pollard_rho.cpp
Underfull \vbox (badness 10000) has occurred while \output is active []

 [49])
(D:\GitHub\tokitsukaze-ACM-Template\c++\æ•°è®º/ç¬¬äºŒç±»Stirlingæ•°.cpp)
(D:\GitHub\tokitsukaze-ACM-Template\c++\æ•°è®º/åŸæ ¹.tex
Missing character: There is no â‰¡ in font [lmroman10-regular]:mapping=tex-text
!
Missing character: There is no â‰¡ in font [lmroman10-regular]:mapping=tex-text
!
)
Underfull \hbox (badness 10000) in paragraph at lines 1--289

 []

(D:\GitHub\tokitsukaze-ACM-Template\c++\æ•°è®º/åŸæ ¹.cpp [50])
(D:\GitHub\tokitsukaze-ACM-Template\c++\æ•°è®º/äºŒæ¬¡å‰©ä½™.cpp)
(D:\GitHub\tokitsukaze-ACM-Template\c++\å¤šé¡¹å¼/FFT.cpp [51]
Underfull \vbox (badness 10000) has occurred while \output is active []

)
(D:\GitHub\tokitsukaze-ACM-Template\c++\å¤šé¡¹å¼/NTT.cpp [52])
(D:\GitHub\tokitsukaze-ACM-Template\c++\å¤šé¡¹å¼/FWT.cpp
Underfull \vbox (badness 10000) has occurred while \output is active []

 [53])
(D:\GitHub\tokitsukaze-ACM-Template\c++\å¤šé¡¹å¼/æ‹‰æ ¼æœ—æ—¥æ’å€¼.cpp
Underfull \vbox (badness 1067) has occurred while \output is active []

)
(D:\GitHub\tokitsukaze-ACM-Template\c++\çŸ©é˜µ/çŸ©é˜µç±».cpp [54])
(D:\GitHub\tokitsukaze-ACM-Template\c++\çŸ©é˜µ/é«˜æ–¯æ¶ˆå…ƒ/åŒä½™æ–¹ç¨‹.cpp
Underfull \vbox (badness 10000) has occurred while \output is active []

 [55])
(D:\GitHub\tokitsukaze-ACM-Template\c++\çŸ©é˜µ/é«˜æ–¯æ¶ˆå…ƒ/åŒä½™æ–¹ç¨‹mod=2.c
pp) (D:\GitHub\tokitsukaze-ACM-Template\c++\çŸ©é˜µ/å•çº¯å½¢.cpp
Underfull \vbox (badness 1975) has occurred while \output is active []

 [56]
Underfull \vbox (badness 10000) has occurred while \output is active []

)
(D:\GitHub\tokitsukaze-ACM-Template\c++\çŸ©é˜µ/çº¿æ€§åŸº.cpp [57]
Underfull \vbox (badness 10000) has occurred while \output is active []

)
(D:\GitHub\tokitsukaze-ACM-Template\c++\åšå¼ˆ/SGå‡½æ•°.tex)
(D:\GitHub\tokitsukaze-ACM-Template\c++\åšå¼ˆ/SGå‡½æ•°/sgè¡¨.cpp)
(D:\GitHub\tokitsukaze-ACM-Template\c++\åšå¼ˆ/SGå‡½æ•°/è®°å¿†åŒ–æœç´¢æ±‚sgå‡½
æ•°.cpp [58]) (D:\GitHub\tokitsukaze-ACM-Template\c++\åšå¼ˆ/ç»“è®º.tex)
Underfull \hbox (badness 10000) in paragraph at lines 1--326

 []

(D:\GitHub\tokitsukaze-ACM-Template\c++\dp/LIS.cpp)
(D:\GitHub\tokitsukaze-ACM-Template\c++\dp/LPS.cpp)
(D:\GitHub\tokitsukaze-ACM-Template\c++\dp/æ•°ä½dp.cpp [59])
(D:\GitHub\tokitsukaze-ACM-Template\c++\æ‚é¡¹/FastIO.cpp
Overfull \hbox (119.88246pt too wide) in paragraph at lines 67--68
[][][][][] 
 []


Underfull \vbox (badness 10000) has occurred while \output is active []

 [60])
(D:\GitHub\tokitsukaze-ACM-Template\c++\æ‚é¡¹/å¿«é€Ÿä¹˜.cpp)
(D:\GitHub\tokitsukaze-ACM-Template\c++\æ‚é¡¹/å¿«é€Ÿæ¨¡.cpp)
(D:\GitHub\tokitsukaze-ACM-Template\c++\æ‚é¡¹/xor_sum.cpp)
(D:\GitHub\tokitsukaze-ACM-Template\c++\æ‚é¡¹/çº¦ç‘Ÿå¤«ç¯kth.cpp [61])
(D:\GitHub\tokitsukaze-ACM-Template\c++\æ‚é¡¹/åˆ¤æ–­æ˜ŸæœŸå‡ .cpp)
(D:\GitHub\tokitsukaze-ACM-Template\c++\æ‚é¡¹/ç¦»æ•£åŒ–.cpp)
(D:\GitHub\tokitsukaze-ACM-Template\c++\æ‚é¡¹/ç½‘æ ¼æ•´æ•°ç‚¹æ­£æ–¹å½¢ä¸ªæ•°.c
pp) (D:\GitHub\tokitsukaze-ACM-Template\c++\æ‚é¡¹/æ¨¡æ‹Ÿé€€ç«.cpp [62]
Underfull \vbox (badness 10000) has occurred while \output is active []

)
(D:\GitHub\tokitsukaze-ACM-Template\c++\æ‚é¡¹/çŸ©å½¢é¢ç§¯å¹¶.cpp [63]
Underfull \vbox (badness 10000) has occurred while \output is active []

)
(D:\GitHub\tokitsukaze-ACM-Template\c++\æ‚é¡¹/ç»´æŠ¤ä¸åŒé¢œè‰²æœ€å€¼å’Œæ¬¡å€
¼.cpp [64]
Underfull \vbox (badness 10000) has occurred while \output is active []

)
(D:\GitHub\tokitsukaze-ACM-Template\c++\é™„å½•/NTTå¸¸ç”¨æ¨¡æ•°.tex)
Underfull \vbox (badness 10000) has occurred while \output is active []

 [65]
(D:\GitHub\tokitsukaze-ACM-Template\c++\é™„å½•/æ ‘hash.tex
File: tree_hash1.png Graphic file (type QTm)

<use  "tree_hash1.png" >
File: tree_hash2.png Graphic file (type QTm)
 <use  "tree_hash2.png" >
File: tree_hash3.png Graphic file (type QTm)
 <use  "tree_hash3.png" >)
Overfull \hbox (33.7788pt too wide) in paragraph at lines 1--365
[] 
 []


Overfull \hbox (33.7788pt too wide) in paragraph at lines 1--365
[] 
 []


Overfull \hbox (33.7788pt too wide) in paragraph at lines 1--365
[] 
 []


Underfull \hbox (badness 10000) in paragraph at lines 1--365

 []


Underfull \vbox (badness 10000) has occurred while \output is active []

 [66]
(D:\GitHub\tokitsukaze-ACM-Template\c++\é™„å½•/çº¿æ€§åŸºæ±‚äº¤.cpp) [67

]
(D:\GitHub\tokitsukaze-ACM-Template\c++\template.aux) ) 
Here is how much of TeX's memory you used:
 19455 strings out of 430478
 374617 string characters out of 3191502
 736100 words of memory out of 3000000
 21939 multiletter control sequences out of 15000+200000
 7816 words of font info for 67 fonts, out of 3000000 for 9000
 14 hyphenation exceptions out of 8191
 57i,12n,97p,841b,1637s stack positions out of 5000i,500n,10000p,200000b,50000s

Output written on template.pdf (70 pages).
